C51 COMPILER V9.60.7.0   MAIN                                                              03/17/2023 19:21:52 PAGE 1   


C51 COMPILER V9.60.7.0, COMPILATION OF MODULE MAIN
OBJECT MODULE PLACED IN main.OBJ
COMPILER INVOKED BY: D:\Keil_v5\C51\BIN\C51.EXE main.c OPTIMIZE(8,SPEED) BROWSE DEBUG OBJECTEXTEND PRINT(.\Listings\main
                    -.lst) TABS(2)

line level    source

   1          #include <reg52.h>
   2          #define uchar unsigned char
   3          #define uint unsigned int
   4          
   5          void Delay(uint time){
   6   1        uint i,j;
   7   1        for(i=0;i<time;i++)
   8   1          for(j=0;j<time;j++);
   9   1      }
  10          
  11          int main(){
  12   1        uint i,j;
  13   1        while(1){
  14   2          uchar a=0xfe;
  15   2          uchar b=0x7f;
  16   2          
  17   2          for(i=0;i<7;i++){
  18   3          P1=a;
  19   3          a=a<<1;
  20   3          Delay(200);
  21   3        }
  22   2          for(j=0;j<7;j++){
  23   3          P1=b;
  24   3          b=b>>1;
  25   3          Delay(200);
  26   3          }
  27   2        }
  28   1        //return 0;
  29   1      }
  30           
  31          
  32           


MODULE INFORMATION:   STATIC OVERLAYABLE
   CODE SIZE        =    114    ----
   CONSTANT SIZE    =   ----    ----
   XDATA SIZE       =   ----    ----
   PDATA SIZE       =   ----    ----
   DATA SIZE        =   ----       4
   IDATA SIZE       =   ----    ----
   BIT SIZE         =   ----    ----
END OF MODULE INFORMATION.


C51 COMPILATION COMPLETE.  0 WARNING(S),  0 ERROR(S)
