C51 COMPILER V9.60.7.0   MAIN                                                              02/27/2023 21:19:06 PAGE 1   


C51 COMPILER V9.60.7.0, COMPILATION OF MODULE MAIN
OBJECT MODULE PLACED IN main.OBJ
COMPILER INVOKED BY: D:\Keil_v5\C51\BIN\C51.EXE main.c OPTIMIZE(8,SPEED) BROWSE DEBUG OBJECTEXTEND TABS(2)

line level    source

   1          #include <reg52.h>
   2          
   3          sbit LED1=P1^0;
   4          
   5          void delay(unsigned int time)
   6          {
   7   1        unsigned char i,j;
   8   1        for(i=0;i<time;i++)
   9   1          for(j=0;j<212;j++);
  10   1      }
  11          int main(){
  12   1        while(1){
  13   2          LED1=0;
  14   2          delay(212);
  15   2          LED1=1;
  16   2          delay(212);
  17   2        }
  18   1      }


MODULE INFORMATION:   STATIC OVERLAYABLE
   CODE SIZE        =     35    ----
   CONSTANT SIZE    =   ----    ----
   XDATA SIZE       =   ----    ----
   PDATA SIZE       =   ----    ----
   DATA SIZE        =   ----    ----
   IDATA SIZE       =   ----    ----
   BIT SIZE         =   ----    ----
END OF MODULE INFORMATION.


C51 COMPILATION COMPLETE.  0 WARNING(S),  0 ERROR(S)
