C51 COMPILER V9.60.7.0   MAIN                                                              03/16/2023 20:54:33 PAGE 1   


C51 COMPILER V9.60.7.0, COMPILATION OF MODULE MAIN
OBJECT MODULE PLACED IN main.OBJ
COMPILER INVOKED BY: D:\Keil_v5\C51\BIN\C51.EXE main.c OPTIMIZE(8,SPEED) BROWSE DEBUG OBJECTEXTEND PRINT(.\Listings\main
                    -.lst) TABS(2)

line level    source

   1          #include <reg52.h>
   2          
   3          sbit led1=P1^0;
   4          
   5          void Delay(){
   6   1        int n=60;
   7   1        int i,j;
   8   1        for(i=0;i<n;i++){
   9   2          for(j=0;j<n;j++){
  10   3          }
  11   2        }
  12   1      }
  13            
  14          int main(){
  15   1          while(1){
  16   2          led1=0;
  17   2          Delay();
  18   2          led1=1;
  19   2          Delay();
  20   2          }
  21   1      }


MODULE INFORMATION:   STATIC OVERLAYABLE
   CODE SIZE        =     63    ----
   CONSTANT SIZE    =   ----    ----
   XDATA SIZE       =   ----    ----
   PDATA SIZE       =   ----    ----
   DATA SIZE        =   ----    ----
   IDATA SIZE       =   ----    ----
   BIT SIZE         =   ----    ----
END OF MODULE INFORMATION.


C51 COMPILATION COMPLETE.  0 WARNING(S),  0 ERROR(S)
