C51 COMPILER V9.60.7.0   MAIN                                                              03/16/2023 21:38:49 PAGE 1   


C51 COMPILER V9.60.7.0, COMPILATION OF MODULE MAIN
OBJECT MODULE PLACED IN main.OBJ
COMPILER INVOKED BY: D:\Keil_v5\C51\BIN\C51.EXE main.c OPTIMIZE(8,SPEED) BROWSE DEBUG OBJECTEXTEND PRINT(.\Listings\main
                    -.lst) TABS(2)

line level    source

   1          #include<reg52.h>    //????????????
   2          
   3          #define uchar unsigned char
   4          #define uint unsigned int
   5          
   6          
   7          void delay_ms(uint xms){
   8   1        uint i,j;
   9   1        for(i=0;i<xms;i++)
  10   1          for(j=0;j<xms;j++);
  11   1      }
  12          
  13          void main(void)
  14          {
  15   1        uchar  num,dat1,dat2;
  16   1        delay_ms(100);
  17   1        P0=0;
  18   1        while(1)
  19   1        {
  20   2          dat1=0xfe;
  21   2          dat2=0x7f;
  22   2          for(num=0;num<7;num++)
  23   2          {
  24   3            P1=dat1;
  25   3            dat1=dat1<<1; 
  26   3            delay_ms(100);
  27   3          } 
  28   2          for(num=0;num<7;num++)
  29   2          {
  30   3            P1=dat2;
  31   3            dat2=dat2>>1;
  32   3            delay_ms(100);
  33   3          }
  34   2        }
  35   1      }


MODULE INFORMATION:   STATIC OVERLAYABLE
   CODE SIZE        =     92    ----
   CONSTANT SIZE    =   ----    ----
   XDATA SIZE       =   ----    ----
   PDATA SIZE       =   ----    ----
   DATA SIZE        =   ----       2
   IDATA SIZE       =   ----    ----
   BIT SIZE         =   ----    ----
END OF MODULE INFORMATION.


C51 COMPILATION COMPLETE.  0 WARNING(S),  0 ERROR(S)
