C51 COMPILER V9.60.7.0   MAIN                                                              03/17/2023 20:05:46 PAGE 1   


C51 COMPILER V9.60.7.0, COMPILATION OF MODULE MAIN
OBJECT MODULE PLACED IN main.OBJ
COMPILER INVOKED BY: D:\Keil_v5\C51\BIN\C51.EXE main.c OPTIMIZE(8,SPEED) BROWSE DEBUG OBJECTEXTEND PRINT(.\Listings\main
                    -.lst) TABS(2)

line level    source

   1          #include <reg52.h>
   2          
   3          sbit dula=P2^6;
   4          sbit wela=P2^7;
   5          
   6          int main(){
   7   1        wela=1;
   8   1        P0=0xFE;
   9   1        wela=0;
  10   1        
  11   1        dula=1;
  12   1        P0=0x7F;
  13   1        dula=0;
  14   1        while(1);
  15   1      }


MODULE INFORMATION:   STATIC OVERLAYABLE
   CODE SIZE        =     16    ----
   CONSTANT SIZE    =   ----    ----
   XDATA SIZE       =   ----    ----
   PDATA SIZE       =   ----    ----
   DATA SIZE        =   ----    ----
   IDATA SIZE       =   ----    ----
   BIT SIZE         =   ----    ----
END OF MODULE INFORMATION.


C51 COMPILATION COMPLETE.  0 WARNING(S),  0 ERROR(S)
